mode: set
github.com/RyaWcksn/ecommerce/apis/v1/handlers/create_order_handler.go:15.88,20.16 4 1
github.com/RyaWcksn/ecommerce/apis/v1/handlers/create_order_handler.go:20.16,23.3 2 0
github.com/RyaWcksn/ecommerce/apis/v1/handlers/create_order_handler.go:24.2,24.54 1 1
github.com/RyaWcksn/ecommerce/apis/v1/handlers/create_order_handler.go:24.54,27.3 2 0
github.com/RyaWcksn/ecommerce/apis/v1/handlers/create_order_handler.go:29.2,29.53 1 1
github.com/RyaWcksn/ecommerce/apis/v1/handlers/create_order_handler.go:29.53,32.3 2 0
github.com/RyaWcksn/ecommerce/apis/v1/handlers/create_order_handler.go:34.2,35.16 2 1
github.com/RyaWcksn/ecommerce/apis/v1/handlers/create_order_handler.go:35.16,38.3 2 0
github.com/RyaWcksn/ecommerce/apis/v1/handlers/create_order_handler.go:40.2,47.30 2 1
github.com/RyaWcksn/ecommerce/apis/v1/handlers/create_product_handler.go:15.90,20.16 4 1
github.com/RyaWcksn/ecommerce/apis/v1/handlers/create_product_handler.go:20.16,23.3 2 0
github.com/RyaWcksn/ecommerce/apis/v1/handlers/create_product_handler.go:24.2,24.54 1 1
github.com/RyaWcksn/ecommerce/apis/v1/handlers/create_product_handler.go:24.54,27.3 2 0
github.com/RyaWcksn/ecommerce/apis/v1/handlers/create_product_handler.go:29.2,29.53 1 1
github.com/RyaWcksn/ecommerce/apis/v1/handlers/create_product_handler.go:29.53,32.3 2 0
github.com/RyaWcksn/ecommerce/apis/v1/handlers/create_product_handler.go:34.2,35.16 2 1
github.com/RyaWcksn/ecommerce/apis/v1/handlers/create_product_handler.go:35.16,37.3 1 0
github.com/RyaWcksn/ecommerce/apis/v1/handlers/create_product_handler.go:39.2,46.30 2 1
github.com/RyaWcksn/ecommerce/apis/v1/handlers/get_buyer_order_handler.go:11.91,15.16 3 1
github.com/RyaWcksn/ecommerce/apis/v1/handlers/get_buyer_order_handler.go:15.16,18.3 2 0
github.com/RyaWcksn/ecommerce/apis/v1/handlers/get_buyer_order_handler.go:20.2,27.30 2 1
github.com/RyaWcksn/ecommerce/apis/v1/handlers/get_product_list_handler.go:12.92,18.16 5 1
github.com/RyaWcksn/ecommerce/apis/v1/handlers/get_product_list_handler.go:18.16,21.3 2 0
github.com/RyaWcksn/ecommerce/apis/v1/handlers/get_product_list_handler.go:22.2,29.30 2 1
github.com/RyaWcksn/ecommerce/apis/v1/handlers/get_products_handler.go:11.88,15.16 3 0
github.com/RyaWcksn/ecommerce/apis/v1/handlers/get_products_handler.go:15.16,18.3 2 0
github.com/RyaWcksn/ecommerce/apis/v1/handlers/get_products_handler.go:19.2,26.30 2 0
github.com/RyaWcksn/ecommerce/apis/v1/handlers/get_seller_orders_handler.go:11.92,15.16 3 1
github.com/RyaWcksn/ecommerce/apis/v1/handlers/get_seller_orders_handler.go:15.16,18.3 2 0
github.com/RyaWcksn/ecommerce/apis/v1/handlers/get_seller_orders_handler.go:20.2,27.30 2 1
github.com/RyaWcksn/ecommerce/apis/v1/handlers/handler.go:30.73,35.2 1 1
github.com/RyaWcksn/ecommerce/apis/v1/handlers/login_handler.go:15.82,20.16 4 1
github.com/RyaWcksn/ecommerce/apis/v1/handlers/login_handler.go:20.16,23.3 2 0
github.com/RyaWcksn/ecommerce/apis/v1/handlers/login_handler.go:24.2,24.54 1 1
github.com/RyaWcksn/ecommerce/apis/v1/handlers/login_handler.go:24.54,27.3 2 0
github.com/RyaWcksn/ecommerce/apis/v1/handlers/login_handler.go:29.2,29.53 1 1
github.com/RyaWcksn/ecommerce/apis/v1/handlers/login_handler.go:29.53,32.3 2 0
github.com/RyaWcksn/ecommerce/apis/v1/handlers/login_handler.go:34.2,35.16 2 1
github.com/RyaWcksn/ecommerce/apis/v1/handlers/login_handler.go:35.16,38.3 2 0
github.com/RyaWcksn/ecommerce/apis/v1/handlers/login_handler.go:39.2,46.30 2 1
github.com/RyaWcksn/ecommerce/apis/v1/handlers/update_order_handler.go:15.88,20.16 4 1
github.com/RyaWcksn/ecommerce/apis/v1/handlers/update_order_handler.go:20.16,23.3 2 0
github.com/RyaWcksn/ecommerce/apis/v1/handlers/update_order_handler.go:24.2,24.54 1 1
github.com/RyaWcksn/ecommerce/apis/v1/handlers/update_order_handler.go:24.54,27.3 2 0
github.com/RyaWcksn/ecommerce/apis/v1/handlers/update_order_handler.go:29.2,29.53 1 1
github.com/RyaWcksn/ecommerce/apis/v1/handlers/update_order_handler.go:29.53,32.3 2 0
github.com/RyaWcksn/ecommerce/apis/v1/handlers/update_order_handler.go:34.2,35.16 2 1
github.com/RyaWcksn/ecommerce/apis/v1/handlers/update_order_handler.go:35.16,38.3 2 0
github.com/RyaWcksn/ecommerce/apis/v1/handlers/update_order_handler.go:40.2,47.30 2 1
github.com/RyaWcksn/ecommerce/apis/v1/handlers/utils.go:11.66,14.2 2 1
github.com/RyaWcksn/ecommerce/apis/v1/services/service.go:38.36,40.2 1 1
github.com/RyaWcksn/ecommerce/apis/v1/services/service.go:42.67,45.2 2 1
github.com/RyaWcksn/ecommerce/apis/v1/services/service.go:47.69,50.2 2 1
github.com/RyaWcksn/ecommerce/apis/v1/services/service.go:52.72,55.2 2 1
github.com/RyaWcksn/ecommerce/apis/v1/services/service.go:57.69,60.2 2 1
github.com/RyaWcksn/ecommerce/apis/v1/services/service.go:62.73,65.2 2 1
github.com/RyaWcksn/ecommerce/apis/v1/services/service.go:67.62,70.2 2 1
github.com/RyaWcksn/ecommerce/apis/v1/services/service_impl.go:17.103,20.22 2 1
github.com/RyaWcksn/ecommerce/apis/v1/services/service_impl.go:21.23,23.17 2 1
github.com/RyaWcksn/ecommerce/apis/v1/services/service_impl.go:23.17,26.4 2 0
github.com/RyaWcksn/ecommerce/apis/v1/services/service_impl.go:27.24,29.17 2 0
github.com/RyaWcksn/ecommerce/apis/v1/services/service_impl.go:29.17,32.4 2 0
github.com/RyaWcksn/ecommerce/apis/v1/services/service_impl.go:33.10,34.88 1 0
github.com/RyaWcksn/ecommerce/apis/v1/services/service_impl.go:37.2,37.103 1 1
github.com/RyaWcksn/ecommerce/apis/v1/services/service_impl.go:37.103,40.3 2 0
github.com/RyaWcksn/ecommerce/apis/v1/services/service_impl.go:42.2,49.16 3 1
github.com/RyaWcksn/ecommerce/apis/v1/services/service_impl.go:49.16,52.3 2 0
github.com/RyaWcksn/ecommerce/apis/v1/services/service_impl.go:54.2,54.19 1 1
github.com/RyaWcksn/ecommerce/apis/v1/services/service_impl.go:58.99,70.16 5 1
github.com/RyaWcksn/ecommerce/apis/v1/services/service_impl.go:70.16,73.3 2 0
github.com/RyaWcksn/ecommerce/apis/v1/services/service_impl.go:75.2,75.12 1 1
github.com/RyaWcksn/ecommerce/apis/v1/services/service_impl.go:79.123,84.16 4 1
github.com/RyaWcksn/ecommerce/apis/v1/services/service_impl.go:84.16,87.3 2 0
github.com/RyaWcksn/ecommerce/apis/v1/services/service_impl.go:89.2,89.22 1 1
github.com/RyaWcksn/ecommerce/apis/v1/services/service_impl.go:94.129,99.16 4 1
github.com/RyaWcksn/ecommerce/apis/v1/services/service_impl.go:99.16,102.3 2 0
github.com/RyaWcksn/ecommerce/apis/v1/services/service_impl.go:104.2,105.16 2 1
github.com/RyaWcksn/ecommerce/apis/v1/services/service_impl.go:105.16,108.3 2 0
github.com/RyaWcksn/ecommerce/apis/v1/services/service_impl.go:110.2,114.46 5 1
github.com/RyaWcksn/ecommerce/apis/v1/services/service_impl.go:114.46,116.17 2 1
github.com/RyaWcksn/ecommerce/apis/v1/services/service_impl.go:116.17,119.4 2 0
github.com/RyaWcksn/ecommerce/apis/v1/services/service_impl.go:120.3,123.13 4 1
github.com/RyaWcksn/ecommerce/apis/v1/services/service_impl.go:126.2,139.16 3 1
github.com/RyaWcksn/ecommerce/apis/v1/services/service_impl.go:139.16,142.3 2 0
github.com/RyaWcksn/ecommerce/apis/v1/services/service_impl.go:144.2,147.8 1 1
github.com/RyaWcksn/ecommerce/apis/v1/services/service_impl.go:151.104,156.16 4 1
github.com/RyaWcksn/ecommerce/apis/v1/services/service_impl.go:156.16,159.3 2 0
github.com/RyaWcksn/ecommerce/apis/v1/services/service_impl.go:161.2,161.20 1 1
github.com/RyaWcksn/ecommerce/apis/v1/services/service_impl.go:165.129,167.16 2 1
github.com/RyaWcksn/ecommerce/apis/v1/services/service_impl.go:167.16,170.3 2 0
github.com/RyaWcksn/ecommerce/apis/v1/services/service_impl.go:171.2,171.19 1 1
github.com/RyaWcksn/ecommerce/apis/v1/services/service_impl.go:175.103,180.16 4 1
github.com/RyaWcksn/ecommerce/apis/v1/services/service_impl.go:180.16,183.3 2 0
github.com/RyaWcksn/ecommerce/apis/v1/services/service_impl.go:185.2,185.20 1 1
github.com/RyaWcksn/ecommerce/apis/v1/services/service_impl.go:189.111,191.16 2 1
github.com/RyaWcksn/ecommerce/apis/v1/services/service_impl.go:191.16,194.3 2 0
github.com/RyaWcksn/ecommerce/apis/v1/services/service_impl.go:196.2,196.22 1 1
github.com/RyaWcksn/ecommerce/apis/v1/services/service_mock.go:28.61,32.2 3 0
github.com/RyaWcksn/ecommerce/apis/v1/services/service_mock.go:35.59,37.2 1 0
github.com/RyaWcksn/ecommerce/apis/v1/services/service_mock.go:40.121,46.2 5 0
github.com/RyaWcksn/ecommerce/apis/v1/services/service_mock.go:49.88,52.2 2 0
github.com/RyaWcksn/ecommerce/apis/v1/services/service_mock.go:55.100,60.2 4 0
github.com/RyaWcksn/ecommerce/apis/v1/services/service_mock.go:63.90,66.2 2 0
github.com/RyaWcksn/ecommerce/apis/v1/services/service_mock.go:69.90,75.2 5 0
github.com/RyaWcksn/ecommerce/apis/v1/services/service_mock.go:78.85,81.2 2 0
github.com/RyaWcksn/ecommerce/apis/v1/services/service_mock.go:84.96,90.2 5 0
github.com/RyaWcksn/ecommerce/apis/v1/services/service_mock.go:93.79,96.2 2 0
github.com/RyaWcksn/ecommerce/apis/v1/services/service_mock.go:99.108,105.2 5 0
github.com/RyaWcksn/ecommerce/apis/v1/services/service_mock.go:108.87,111.2 2 0
github.com/RyaWcksn/ecommerce/apis/v1/services/service_mock.go:114.91,120.2 5 0
github.com/RyaWcksn/ecommerce/apis/v1/services/service_mock.go:123.86,126.2 2 0
github.com/RyaWcksn/ecommerce/apis/v1/services/service_mock.go:129.94,135.2 5 0
github.com/RyaWcksn/ecommerce/apis/v1/services/service_mock.go:138.82,141.2 2 0
github.com/RyaWcksn/ecommerce/apis/v1/services/service_mock.go:144.121,150.2 5 0
github.com/RyaWcksn/ecommerce/apis/v1/services/service_mock.go:153.94,156.2 2 0
github.com/RyaWcksn/ecommerce/domain/buyer/buyer.go:15.63,20.2 1 1
github.com/RyaWcksn/ecommerce/domain/buyer/buyer_impl.go:13.105,19.16 5 1
github.com/RyaWcksn/ecommerce/domain/buyer/buyer_impl.go:19.16,21.27 2 0
github.com/RyaWcksn/ecommerce/domain/buyer/buyer_impl.go:21.27,23.4 1 0
github.com/RyaWcksn/ecommerce/domain/buyer/buyer_impl.go:24.3,24.58 1 0
github.com/RyaWcksn/ecommerce/domain/buyer/buyer_impl.go:27.2,27.22 1 1
github.com/RyaWcksn/ecommerce/domain/buyer/buyer_impl.go:31.98,37.16 5 1
github.com/RyaWcksn/ecommerce/domain/buyer/buyer_impl.go:37.16,39.27 2 0
github.com/RyaWcksn/ecommerce/domain/buyer/buyer_impl.go:39.27,41.4 1 0
github.com/RyaWcksn/ecommerce/domain/buyer/buyer_impl.go:42.3,42.58 1 0
github.com/RyaWcksn/ecommerce/domain/buyer/buyer_impl.go:45.2,45.22 1 1
github.com/RyaWcksn/ecommerce/domain/order/order.go:15.62,20.2 1 1
github.com/RyaWcksn/ecommerce/domain/order/order_impl.go:14.90,19.16 4 0
github.com/RyaWcksn/ecommerce/domain/order/order_impl.go:19.16,22.3 2 0
github.com/RyaWcksn/ecommerce/domain/order/order_impl.go:24.2,25.16 2 0
github.com/RyaWcksn/ecommerce/domain/order/order_impl.go:25.16,28.3 2 0
github.com/RyaWcksn/ecommerce/domain/order/order_impl.go:30.2,33.16 3 0
github.com/RyaWcksn/ecommerce/domain/order/order_impl.go:33.16,37.3 3 0
github.com/RyaWcksn/ecommerce/domain/order/order_impl.go:39.2,40.16 2 0
github.com/RyaWcksn/ecommerce/domain/order/order_impl.go:40.16,44.3 3 0
github.com/RyaWcksn/ecommerce/domain/order/order_impl.go:45.2,45.13 1 0
github.com/RyaWcksn/ecommerce/domain/order/order_impl.go:45.13,49.3 3 0
github.com/RyaWcksn/ecommerce/domain/order/order_impl.go:51.2,52.16 2 0
github.com/RyaWcksn/ecommerce/domain/order/order_impl.go:52.16,55.3 2 0
github.com/RyaWcksn/ecommerce/domain/order/order_impl.go:57.2,57.12 1 0
github.com/RyaWcksn/ecommerce/domain/order/order_impl.go:61.107,71.16 7 1
github.com/RyaWcksn/ecommerce/domain/order/order_impl.go:71.16,74.3 2 0
github.com/RyaWcksn/ecommerce/domain/order/order_impl.go:75.2,77.18 2 1
github.com/RyaWcksn/ecommerce/domain/order/order_impl.go:77.18,92.17 3 1
github.com/RyaWcksn/ecommerce/domain/order/order_impl.go:92.17,95.4 2 0
github.com/RyaWcksn/ecommerce/domain/order/order_impl.go:96.3,98.17 3 1
github.com/RyaWcksn/ecommerce/domain/order/order_impl.go:98.17,101.4 2 0
github.com/RyaWcksn/ecommerce/domain/order/order_impl.go:103.3,103.39 1 1
github.com/RyaWcksn/ecommerce/domain/order/order_impl.go:106.2,106.24 1 1
github.com/RyaWcksn/ecommerce/domain/order/order_impl.go:110.97,118.16 6 0
github.com/RyaWcksn/ecommerce/domain/order/order_impl.go:118.16,121.3 2 0
github.com/RyaWcksn/ecommerce/domain/order/order_impl.go:123.2,124.16 2 0
github.com/RyaWcksn/ecommerce/domain/order/order_impl.go:124.16,127.3 2 0
github.com/RyaWcksn/ecommerce/domain/order/order_impl.go:129.2,132.16 3 0
github.com/RyaWcksn/ecommerce/domain/order/order_impl.go:132.16,136.3 3 0
github.com/RyaWcksn/ecommerce/domain/order/order_impl.go:138.2,139.16 2 0
github.com/RyaWcksn/ecommerce/domain/order/order_impl.go:139.16,142.3 2 0
github.com/RyaWcksn/ecommerce/domain/order/order_impl.go:144.2,158.16 4 0
github.com/RyaWcksn/ecommerce/domain/order/order_impl.go:158.16,161.3 2 0
github.com/RyaWcksn/ecommerce/domain/order/order_impl.go:163.2,165.16 3 0
github.com/RyaWcksn/ecommerce/domain/order/order_impl.go:165.16,168.3 2 0
github.com/RyaWcksn/ecommerce/domain/order/order_impl.go:170.2,170.24 1 0
github.com/RyaWcksn/ecommerce/domain/order/order_impl.go:174.106,184.16 7 1
github.com/RyaWcksn/ecommerce/domain/order/order_impl.go:184.16,187.3 2 0
github.com/RyaWcksn/ecommerce/domain/order/order_impl.go:188.2,190.18 2 1
github.com/RyaWcksn/ecommerce/domain/order/order_impl.go:190.18,205.17 3 1
github.com/RyaWcksn/ecommerce/domain/order/order_impl.go:205.17,208.4 2 0
github.com/RyaWcksn/ecommerce/domain/order/order_impl.go:209.3,213.17 5 1
github.com/RyaWcksn/ecommerce/domain/order/order_impl.go:213.17,216.4 2 0
github.com/RyaWcksn/ecommerce/domain/order/order_impl.go:218.3,218.39 1 1
github.com/RyaWcksn/ecommerce/domain/order/order_impl.go:221.2,221.24 1 1
github.com/RyaWcksn/ecommerce/domain/product/product.go:15.64,20.2 1 1
github.com/RyaWcksn/ecommerce/domain/product/product_impl.go:13.102,18.16 4 0
github.com/RyaWcksn/ecommerce/domain/product/product_impl.go:18.16,21.3 2 0
github.com/RyaWcksn/ecommerce/domain/product/product_impl.go:23.2,24.16 2 0
github.com/RyaWcksn/ecommerce/domain/product/product_impl.go:24.16,27.3 2 0
github.com/RyaWcksn/ecommerce/domain/product/product_impl.go:29.2,32.16 3 0
github.com/RyaWcksn/ecommerce/domain/product/product_impl.go:32.16,36.3 3 0
github.com/RyaWcksn/ecommerce/domain/product/product_impl.go:38.2,39.16 2 0
github.com/RyaWcksn/ecommerce/domain/product/product_impl.go:39.16,43.3 3 0
github.com/RyaWcksn/ecommerce/domain/product/product_impl.go:44.2,44.13 1 0
github.com/RyaWcksn/ecommerce/domain/product/product_impl.go:44.13,48.3 3 0
github.com/RyaWcksn/ecommerce/domain/product/product_impl.go:50.2,51.16 2 0
github.com/RyaWcksn/ecommerce/domain/product/product_impl.go:51.16,54.3 2 0
github.com/RyaWcksn/ecommerce/domain/product/product_impl.go:56.2,56.12 1 0
github.com/RyaWcksn/ecommerce/domain/product/product_impl.go:61.116,68.16 5 1
github.com/RyaWcksn/ecommerce/domain/product/product_impl.go:68.16,71.3 2 0
github.com/RyaWcksn/ecommerce/domain/product/product_impl.go:72.2,74.18 2 1
github.com/RyaWcksn/ecommerce/domain/product/product_impl.go:74.18,77.125 2 1
github.com/RyaWcksn/ecommerce/domain/product/product_impl.go:77.125,80.4 2 0
github.com/RyaWcksn/ecommerce/domain/product/product_impl.go:82.3,82.47 1 1
github.com/RyaWcksn/ecommerce/domain/product/product_impl.go:85.2,85.27 1 1
github.com/RyaWcksn/ecommerce/domain/product/product_impl.go:89.116,95.16 5 1
github.com/RyaWcksn/ecommerce/domain/product/product_impl.go:95.16,97.27 2 0
github.com/RyaWcksn/ecommerce/domain/product/product_impl.go:97.27,99.4 1 0
github.com/RyaWcksn/ecommerce/domain/product/product_impl.go:100.3,100.58 1 0
github.com/RyaWcksn/ecommerce/domain/product/product_impl.go:103.2,103.22 1 1
github.com/RyaWcksn/ecommerce/domain/product/product_impl.go:107.114,114.16 5 1
github.com/RyaWcksn/ecommerce/domain/product/product_impl.go:114.16,117.3 2 0
github.com/RyaWcksn/ecommerce/domain/product/product_impl.go:118.2,120.18 2 1
github.com/RyaWcksn/ecommerce/domain/product/product_impl.go:120.18,123.125 2 1
github.com/RyaWcksn/ecommerce/domain/product/product_impl.go:123.125,126.4 2 0
github.com/RyaWcksn/ecommerce/domain/product/product_impl.go:128.3,128.47 1 1
github.com/RyaWcksn/ecommerce/domain/product/product_impl.go:131.2,131.27 1 1
github.com/RyaWcksn/ecommerce/domain/seller/seller.go:15.65,20.2 1 1
github.com/RyaWcksn/ecommerce/domain/seller/seller_impl.go:13.106,19.16 5 1
github.com/RyaWcksn/ecommerce/domain/seller/seller_impl.go:19.16,21.27 2 0
github.com/RyaWcksn/ecommerce/domain/seller/seller_impl.go:21.27,23.4 1 0
github.com/RyaWcksn/ecommerce/domain/seller/seller_impl.go:24.3,24.58 1 0
github.com/RyaWcksn/ecommerce/domain/seller/seller_impl.go:27.2,27.22 1 1
github.com/RyaWcksn/ecommerce/domain/seller/seller_impl.go:31.100,37.16 5 1
github.com/RyaWcksn/ecommerce/domain/seller/seller_impl.go:37.16,39.27 2 0
github.com/RyaWcksn/ecommerce/domain/seller/seller_impl.go:39.27,41.4 1 0
github.com/RyaWcksn/ecommerce/domain/seller/seller_impl.go:42.3,42.58 1 0
github.com/RyaWcksn/ecommerce/domain/seller/seller_impl.go:45.2,45.22 1 1
